<?xml version="1.0" encoding="UTF-8"?>
<!-- Generated by org.testng.reporters.JUnitXMLReporter -->
<testsuite ignored="0" hostname="Dillya" failures="0" tests="2" name="Test" time="0.173" errors="0" timestamp="2021-11-24T11:03:32 IST">
  <testcase classname="TestClasses.VerifyAmazonOrderList" name="@BeforeTest launchBrowser" time="-1.637732012485E9">
    <failure type="org.testng.TestNGException" message="
Parameter &amp;apos;browser&amp;apos; is required by BeforeTest on method launchBrowser but has not been marked @Optional or defined
in C:\Users\atulk\eclipse-workspace\AmazonApp\testng.xml">
      <![CDATA[org.testng.TestNGException: 
Parameter 'browser' is required by BeforeTest on method launchBrowser but has not been marked @Optional or defined
in C:\Users\atulk\eclipse-workspace\AmazonApp\testng.xml
... Removed 21 stack frames]]>
    </failure>
  </testcase> <!-- @BeforeTest launchBrowser -->
  <testcase classname="TestClasses.VerifyAmazonOrderList" name="@BeforeClass launchApplication" time="-1.63773201255E9">
    <skipped/>
  </testcase> <!-- @BeforeClass launchApplication -->
  <testcase classname="TestClasses.VerifyAmazonOrderList" name="@BeforeMethod verifyLoginToAmazon" time="-1.6377320126E9">
    <skipped/>
  </testcase> <!-- @BeforeMethod verifyLoginToAmazon -->
  <testcase classname="TestClasses.VerifyAmazonOrderList" name="@AfterMethod verifyLogOutFromAmazon" time="-1.637732012615E9">
    <skipped/>
  </testcase> <!-- @AfterMethod verifyLogOutFromAmazon -->
  <testcase classname="TestClasses.VerifyAmazonOrderList" name="@BeforeMethod verifyLoginToAmazon" time="-1.637732012618E9">
    <skipped/>
  </testcase> <!-- @BeforeMethod verifyLoginToAmazon -->
  <testcase classname="TestClasses.VerifyAmazonOrderList" name="@AfterMethod verifyLogOutFromAmazon" time="-1.63773201263E9">
    <skipped/>
  </testcase> <!-- @AfterMethod verifyLogOutFromAmazon -->
  <testcase classname="TestClasses.VerifyAmazonOrderList" name="@AfterClass afterClass" time="-1.637732012638E9">
    <skipped/>
  </testcase> <!-- @AfterClass afterClass -->
  <testcase classname="TestClasses.VerifyAmazonOrderList" name="@AfterTest closeBrowser" time="-1.637732012645E9">
    <skipped/>
  </testcase> <!-- @AfterTest closeBrowser -->
  <testcase classname="TestClasses.VerifyAmazonOrderList" name="verifyWishListOfAmazon" time="0.0">
    <skipped/>
  </testcase> <!-- verifyWishListOfAmazon -->
  <testcase classname="TestClasses.VerifyAmazonOrderList" name="verifyYourOrders" time="0.0">
    <skipped/>
  </testcase> <!-- verifyYourOrders -->
</testsuite> <!-- Test -->
