<?xml version="1.0" encoding="UTF-8"?>
<!-- Generated by org.testng.reporters.JUnitXMLReporter -->
<testsuite ignored="0" hostname="Dillya" failures="0" tests="2" name="Default test" time="0.21" errors="0" timestamp="2021-11-24T11:03:09 IST">
  <testcase classname="TestClasses.VerifyAmazonOrderList" name="@BeforeTest launchBrowser" time="-1.637731989603E9">
    <failure type="org.testng.TestNGException" message="
Parameter &amp;apos;browser&amp;apos; is required by BeforeTest on method launchBrowser but has not been marked @Optional or defined
in C:\Users\atulk\AppData\Local\Temp\testng-eclipse-1353306532\testng-customsuite.xml">
      <![CDATA[org.testng.TestNGException: 
Parameter 'browser' is required by BeforeTest on method launchBrowser but has not been marked @Optional or defined
in C:\Users\atulk\AppData\Local\Temp\testng-eclipse-1353306532\testng-customsuite.xml
at org.testng.internal.Parameters.createParams(Parameters.java:270)
at org.testng.internal.Parameters.createParametersForMethod(Parameters.java:358)
at org.testng.internal.Parameters.createParameters(Parameters.java:700)
at org.testng.internal.Parameters.createConfigurationParameters(Parameters.java:168)
at org.testng.internal.ConfigInvoker.invokeConfigurations(ConfigInvoker.java:302)
at org.testng.TestRunner.invokeTestConfigurations(TestRunner.java:637)
at org.testng.TestRunner.beforeRun(TestRunner.java:627)
at org.testng.TestRunner.run(TestRunner.java:589)
at org.testng.SuiteRunner.runTest(SuiteRunner.java:377)
at org.testng.SuiteRunner.runSequentially(SuiteRunner.java:371)
at org.testng.SuiteRunner.privateRun(SuiteRunner.java:332)
at org.testng.SuiteRunner.run(SuiteRunner.java:276)
at org.testng.SuiteRunnerWorker.runSuite(SuiteRunnerWorker.java:53)
at org.testng.SuiteRunnerWorker.run(SuiteRunnerWorker.java:96)
at org.testng.TestNG.runSuitesSequentially(TestNG.java:1212)
at org.testng.TestNG.runSuitesLocally(TestNG.java:1134)
at org.testng.TestNG.runSuites(TestNG.java:1063)
at org.testng.TestNG.run(TestNG.java:1031)
at org.testng.remote.AbstractRemoteTestNG.run(AbstractRemoteTestNG.java:115)
at org.testng.remote.RemoteTestNG.initAndRun(RemoteTestNG.java:251)
at org.testng.remote.RemoteTestNG.main(RemoteTestNG.java:77)
]]>
    </failure>
  </testcase> <!-- @BeforeTest launchBrowser -->
  <testcase classname="TestClasses.VerifyAmazonOrderList" name="@BeforeClass launchApplication" time="-1.637731989675E9">
    <skipped/>
  </testcase> <!-- @BeforeClass launchApplication -->
  <testcase classname="TestClasses.VerifyAmazonOrderList" name="@BeforeMethod verifyLoginToAmazon" time="-1.637731989726E9">
    <skipped/>
  </testcase> <!-- @BeforeMethod verifyLoginToAmazon -->
  <testcase classname="TestClasses.VerifyAmazonOrderList" name="@AfterMethod verifyLogOutFromAmazon" time="-1.637731989744E9">
    <skipped/>
  </testcase> <!-- @AfterMethod verifyLogOutFromAmazon -->
  <testcase classname="TestClasses.VerifyAmazonOrderList" name="@BeforeMethod verifyLoginToAmazon" time="-1.637731989751E9">
    <skipped/>
  </testcase> <!-- @BeforeMethod verifyLoginToAmazon -->
  <testcase classname="TestClasses.VerifyAmazonOrderList" name="@AfterMethod verifyLogOutFromAmazon" time="-1.637731989768E9">
    <skipped/>
  </testcase> <!-- @AfterMethod verifyLogOutFromAmazon -->
  <testcase classname="TestClasses.VerifyAmazonOrderList" name="@AfterClass afterClass" time="-1.637731989777E9">
    <skipped/>
  </testcase> <!-- @AfterClass afterClass -->
  <testcase classname="TestClasses.VerifyAmazonOrderList" name="@AfterTest closeBrowser" time="-1.637731989795E9">
    <skipped/>
  </testcase> <!-- @AfterTest closeBrowser -->
  <testcase classname="TestClasses.VerifyAmazonOrderList" name="verifyWishListOfAmazon" time="0.0">
    <skipped/>
  </testcase> <!-- verifyWishListOfAmazon -->
  <testcase classname="TestClasses.VerifyAmazonOrderList" name="verifyYourOrders" time="0.0">
    <skipped/>
  </testcase> <!-- verifyYourOrders -->
</testsuite> <!-- Default test -->
